Reddit Username: Super_Emma, Scope: week, Command: /scrape, Date: 2024-11-07T11:25:39.248Z
Reddit Username: prettyy_princeess22, Scope: week, Command: /scrape, Date: 2024-11-07T11:26:36.218Z
Reddit Username: prettyy_princeess22, Scope: week, Command: /analyse, Date: 2024-11-07T11:27:10.422Z
Reddit Username: prettyy_princeess22, Scope: week, Command: /scrape, User: undefined, Date: 2024-11-07T11:35:10.481Z
Reddit Username: Super_Emma, Scope: week, Command: /scrape, User: [object Object], Date: 2024-11-07T11:35:37.160Z
Reddit Username: Super_Emma, Scope: week, Command: /scrape, User: [object Object], Date: 2024-11-07T11:35:58.317Z
Reddit Username: Super_Emma, Scope: week, Command: /scrape, User: alexonreddit, Date: 2024-11-07T11:36:32.897Z
Reddit Username: prettyy_princeess22, Scope: week, Command: /analyse, User: Gustafdeo, Date: 2024-11-07T11:36:57.513Z
Reddit Username: prettyy_princeess22, Scope: week, Command: /analyse, User: Gustafdeo User First Name: Gustaf, Date: 2024-11-07T11:37:31.532Z
Reddit Username: Super_Emma, Scope: all, Command: /cqs, User: alexonreddit, User First Name: Alex ERA, Date: 2024-11-07T11:42:05.903Z
Reddit Username: prettyy_princeess22, Scope: all, Command: /cqs, User: Gustafdeo, User First Name: Gustaf, Date: 2024-11-07T11:42:55.941Z
Reddit Username: prettyy_princeess22, Scope: all, Command: /cqs, User: Gustafdeo, User First Name: Gustaf, Date: 2024-11-07T11:43:42.002Z
Reddit Username: prettyy_princeess22, Scope: week, Command: /analyse, User: Gustafdeo, User First Name: Gustaf, Date: 2024-11-07T11:44:05.955Z
Reddit Username: prettyy_princeess22, Scope: all, Command: /cqs, User: Gustafdeo, User First Name: Gustaf, Date: 2024-11-07T11:44:10.565Z
Reddit Username: Super\_Emma, Scope: all, Command: /cqs, User: alexonreddit, User First Name: Alex ERA, Date: 2024-11-07T11:47:29.608Z
Reddit Username: Super_Emma, Scope: all, Command: /cqs, User: alexonreddit, User First Name: Alex ERA, Date: 2024-11-07T11:48:08.495Z
Reddit Username: Super_Emma, Scope: all, Command: /cqs, User: alexonreddit, User First Name: Alex ERA, Date: 2024-11-07T11:50:08.404Z
Reddit Username: prettyy_princeess22, Scope: all, Command: /cqs, User: Gustafdeo, User First Name: Gustaf, Date: 2024-11-07T11:51:27.077Z
Reddit Username: Sophisticated_Sofia, Scope: all, Command: /cqs, User: Gustafdeo, User First Name: Gustaf, Date: 2024-11-07T11:51:52.430Z
Reddit Username: Intelligent_Speeds, Scope: week, Command: /scrape, User: Gustafdeo, User First Name: Gustaf, Date: 2024-11-07T21:32:26.965Z
Reddit Username: Intelligent_Speeds, Scope: week, Command: /analyse, User: Gustafdeo, User First Name: Gustaf, Date: 2024-11-07T21:40:39.328Z
Reddit Username: Intelligent_Speeds, Scope: all, Command: /cqs, User: Gustafdeo, User First Name: Gustaf, Date: 2024-11-07T21:49:01.031Z
Reddit Username: Krystal_asians2, Scope: week, Command: /analyse, User: LukasTwitterr, User First Name: Lukas, Date: 2024-11-07T22:13:34.024Z
Reddit Username: Krystal_asians2, Scope: month, Command: /analyse, User: LukasTwitterr, User First Name: Lukas, Date: 2024-11-07T22:13:58.314Z
Reddit Username: sophiateencutie_, Scope: week, Command: /analyse, User: LukasTwitterr, User First Name: Lukas, Date: 2024-11-07T22:14:43.012Z
Reddit Username: sophiateencutie_, Scope: week, Command: /analyse, User: alexonreddit, User First Name: Alex ERA, Date: 2024-11-07T22:25:45.553Z
Reddit Username: Super_Emma, Scope: week, Command: /analyse, User: alexonreddit, User First Name: Alex ERA, Date: 2024-11-07T22:26:17.910Z
Reddit Username: Super_Emma, Scope: week, Command: /analyse, User: alexonreddit, User First Name: Alex ERA, Date: 2024-11-07T22:29:04.275Z
Reddit Username: Super_Emma, Scope: week, Command: /analyse, User: alexonreddit, User First Name: Alex ERA, Date: 2024-11-07T22:30:17.280Z
